2024/08/16 02:46:39 [notice] 1#1: using the "epoll" event method
2024/08/16 02:46:39 [notice] 1#1: nginx/1.27.0
2024/08/16 02:46:39 [notice] 1#1: built by gcc 13.2.1 20231014 (Alpine 13.2.1_git20231014) 
2024/08/16 02:46:39 [notice] 1#1: OS: Linux 5.15.146.1-microsoft-standard-WSL2
2024/08/16 02:46:39 [notice] 1#1: getrlimit(RLIMIT_NOFILE): 1048576:1048576
2024/08/16 02:46:39 [notice] 1#1: start worker processes
2024/08/16 02:46:39 [notice] 1#1: start worker process 20
2024/08/16 02:46:39 [notice] 1#1: start worker process 21
2024/08/16 02:46:39 [notice] 1#1: start worker process 22
2024/08/16 02:46:39 [notice] 1#1: start worker process 23
2024/08/16 02:46:39 [notice] 1#1: start worker process 24
2024/08/16 02:46:39 [notice] 1#1: start worker process 25
2024/08/16 02:46:39 [notice] 1#1: start worker process 26
2024/08/16 02:46:39 [notice] 1#1: start worker process 27
2024/08/16 02:46:39 [notice] 1#1: start worker process 28
2024/08/16 02:46:39 [notice] 1#1: start worker process 29
2024/08/16 02:46:39 [notice] 1#1: start worker process 30
2024/08/16 02:46:39 [notice] 1#1: start worker process 31
2024/08/16 02:46:39 [notice] 1#1: start worker process 32
2024/08/16 02:46:39 [notice] 1#1: start worker process 33
2024/08/16 02:46:39 [notice] 1#1: start worker process 34
2024/08/16 02:46:39 [notice] 1#1: start worker process 35
2024/08/27 12:47:46 [notice] 1#1: using the "epoll" event method
2024/08/27 12:47:46 [notice] 1#1: nginx/1.27.0
2024/08/27 12:47:46 [notice] 1#1: built by gcc 13.2.1 20231014 (Alpine 13.2.1_git20231014) 
2024/08/27 12:47:46 [notice] 1#1: OS: Linux 5.15.146.1-microsoft-standard-WSL2
2024/08/27 12:47:46 [notice] 1#1: getrlimit(RLIMIT_NOFILE): 1048576:1048576
2024/08/27 12:47:46 [notice] 1#1: start worker processes
2024/08/27 12:47:46 [notice] 1#1: start worker process 20
2024/08/27 12:47:46 [notice] 1#1: start worker process 21
2024/08/27 12:47:46 [notice] 1#1: start worker process 22
2024/08/27 12:47:46 [notice] 1#1: start worker process 23
2024/08/27 12:47:46 [notice] 1#1: start worker process 24
2024/08/27 12:47:46 [notice] 1#1: start worker process 25
2024/08/27 12:47:46 [notice] 1#1: start worker process 26
2024/08/27 12:47:46 [notice] 1#1: start worker process 27
2024/08/27 12:47:46 [notice] 1#1: start worker process 28
2024/08/27 12:47:46 [notice] 1#1: start worker process 29
2024/08/27 12:47:46 [notice] 1#1: start worker process 30
2024/08/27 12:47:46 [notice] 1#1: start worker process 31
2024/08/27 12:47:46 [notice] 1#1: start worker process 32
2024/08/27 12:47:46 [notice] 1#1: start worker process 33
2024/08/27 12:47:46 [notice] 1#1: start worker process 34
2024/08/27 12:47:46 [notice] 1#1: start worker process 35
2024/08/27 12:49:04 [notice] 1#1: signal 3 (SIGQUIT) received, shutting down
2024/08/27 12:49:04 [notice] 21#21: gracefully shutting down
2024/08/27 12:49:04 [notice] 32#32: gracefully shutting down
2024/08/27 12:49:04 [notice] 20#20: gracefully shutting down
2024/08/27 12:49:04 [notice] 22#22: gracefully shutting down
2024/08/27 12:49:04 [notice] 23#23: gracefully shutting down
2024/08/27 12:49:04 [notice] 24#24: gracefully shutting down
2024/08/27 12:49:04 [notice] 26#26: gracefully shutting down
2024/08/27 12:49:04 [notice] 27#27: gracefully shutting down
2024/08/27 12:49:04 [notice] 29#29: gracefully shutting down
2024/08/27 12:49:04 [notice] 25#25: gracefully shutting down
2024/08/27 12:49:04 [notice] 28#28: gracefully shutting down
2024/08/27 12:49:04 [notice] 30#30: gracefully shutting down
2024/08/27 12:49:04 [notice] 33#33: gracefully shutting down
2024/08/27 12:49:04 [notice] 34#34: gracefully shutting down
2024/08/27 12:49:04 [notice] 35#35: gracefully shutting down
2024/08/27 12:49:04 [notice] 31#31: gracefully shutting down
2024/08/27 12:49:04 [notice] 21#21: exiting
2024/08/27 12:49:04 [notice] 32#32: exiting
2024/08/27 12:49:04 [notice] 20#20: exiting
2024/08/27 12:49:04 [notice] 32#32: exit
2024/08/27 12:49:04 [notice] 22#22: exiting
2024/08/27 12:49:04 [notice] 23#23: exiting
2024/08/27 12:49:04 [notice] 24#24: exiting
2024/08/27 12:49:04 [notice] 26#26: exiting
2024/08/27 12:49:04 [notice] 27#27: exiting
2024/08/27 12:49:04 [notice] 29#29: exiting
2024/08/27 12:49:04 [notice] 25#25: exiting
2024/08/27 12:49:04 [notice] 28#28: exiting
2024/08/27 12:49:04 [notice] 30#30: exiting
2024/08/27 12:49:04 [notice] 33#33: exiting
2024/08/27 12:49:04 [notice] 34#34: exiting
2024/08/27 12:49:04 [notice] 35#35: exiting
2024/08/27 12:49:04 [notice] 31#31: exiting
2024/08/27 12:49:04 [notice] 21#21: exit
2024/08/27 12:49:04 [notice] 20#20: exit
2024/08/27 12:49:04 [notice] 22#22: exit
2024/08/27 12:49:04 [notice] 23#23: exit
2024/08/27 12:49:04 [notice] 24#24: exit
2024/08/27 12:49:04 [notice] 26#26: exit
2024/08/27 12:49:04 [notice] 27#27: exit
2024/08/27 12:49:04 [notice] 29#29: exit
2024/08/27 12:49:04 [notice] 25#25: exit
2024/08/27 12:49:04 [notice] 28#28: exit
2024/08/27 12:49:04 [notice] 30#30: exit
2024/08/27 12:49:04 [notice] 33#33: exit
2024/08/27 12:49:04 [notice] 34#34: exit
2024/08/27 12:49:04 [notice] 35#35: exit
2024/08/27 12:49:04 [notice] 31#31: exit
2024/08/27 12:49:05 [notice] 1#1: signal 17 (SIGCHLD) received from 28
2024/08/27 12:49:05 [notice] 1#1: worker process 20 exited with code 0
2024/08/27 12:49:05 [notice] 1#1: worker process 21 exited with code 0
2024/08/27 12:49:05 [notice] 1#1: worker process 22 exited with code 0
2024/08/27 12:49:05 [notice] 1#1: worker process 24 exited with code 0
2024/08/27 12:49:05 [notice] 1#1: worker process 25 exited with code 0
2024/08/27 12:49:05 [notice] 1#1: worker process 27 exited with code 0
2024/08/27 12:49:05 [notice] 1#1: worker process 28 exited with code 0
2024/08/27 12:49:05 [notice] 1#1: worker process 29 exited with code 0
2024/08/27 12:49:05 [notice] 1#1: worker process 30 exited with code 0
2024/08/27 12:49:05 [notice] 1#1: worker process 31 exited with code 0
2024/08/27 12:49:05 [notice] 1#1: worker process 32 exited with code 0
2024/08/27 12:49:05 [notice] 1#1: worker process 35 exited with code 0
2024/08/27 12:49:05 [notice] 1#1: signal 29 (SIGIO) received
2024/08/27 12:49:05 [notice] 1#1: signal 17 (SIGCHLD) received from 31
2024/08/27 12:49:05 [notice] 1#1: signal 17 (SIGCHLD) received from 34
2024/08/27 12:49:05 [notice] 1#1: worker process 23 exited with code 0
2024/08/27 12:49:05 [notice] 1#1: worker process 26 exited with code 0
2024/08/27 12:49:05 [notice] 1#1: worker process 33 exited with code 0
2024/08/27 12:49:05 [notice] 1#1: worker process 34 exited with code 0
2024/08/27 12:49:05 [notice] 1#1: exit
2024/08/27 12:49:11 [notice] 1#1: using the "epoll" event method
2024/08/27 12:49:11 [notice] 1#1: nginx/1.27.0
2024/08/27 12:49:11 [notice] 1#1: built by gcc 13.2.1 20231014 (Alpine 13.2.1_git20231014) 
2024/08/27 12:49:11 [notice] 1#1: OS: Linux 5.15.146.1-microsoft-standard-WSL2
2024/08/27 12:49:11 [notice] 1#1: getrlimit(RLIMIT_NOFILE): 1048576:1048576
2024/08/27 12:49:11 [notice] 1#1: start worker processes
2024/08/27 12:49:11 [notice] 1#1: start worker process 20
2024/08/27 12:49:11 [notice] 1#1: start worker process 21
2024/08/27 12:49:11 [notice] 1#1: start worker process 22
2024/08/27 12:49:11 [notice] 1#1: start worker process 23
2024/08/27 12:49:11 [notice] 1#1: start worker process 24
2024/08/27 12:49:11 [notice] 1#1: start worker process 25
2024/08/27 12:49:11 [notice] 1#1: start worker process 26
2024/08/27 12:49:11 [notice] 1#1: start worker process 27
2024/08/27 12:49:11 [notice] 1#1: start worker process 28
2024/08/27 12:49:11 [notice] 1#1: start worker process 29
2024/08/27 12:49:11 [notice] 1#1: start worker process 30
2024/08/27 12:49:11 [notice] 1#1: start worker process 31
2024/08/27 12:49:11 [notice] 1#1: start worker process 32
2024/08/27 12:49:11 [notice] 1#1: start worker process 33
2024/08/27 12:49:11 [notice] 1#1: start worker process 34
2024/08/27 12:49:11 [notice] 1#1: start worker process 35
2024/08/27 12:49:58 [notice] 1#1: signal 3 (SIGQUIT) received, shutting down
2024/08/27 12:49:58 [notice] 20#20: gracefully shutting down
2024/08/27 12:49:58 [notice] 33#33: gracefully shutting down
2024/08/27 12:49:58 [notice] 21#21: gracefully shutting down
2024/08/27 12:49:58 [notice] 21#21: exiting
2024/08/27 12:49:58 [notice] 23#23: gracefully shutting down
2024/08/27 12:49:58 [notice] 27#27: gracefully shutting down
2024/08/27 12:49:58 [notice] 25#25: gracefully shutting down
2024/08/27 12:49:58 [notice] 28#28: gracefully shutting down
2024/08/27 12:49:58 [notice] 28#28: exiting
2024/08/27 12:49:58 [notice] 29#29: gracefully shutting down
2024/08/27 12:49:58 [notice] 24#24: gracefully shutting down
2024/08/27 12:49:58 [notice] 26#26: gracefully shutting down
2024/08/27 12:49:58 [notice] 26#26: exiting
2024/08/27 12:49:58 [notice] 22#22: gracefully shutting down
2024/08/27 12:49:58 [notice] 31#31: gracefully shutting down
2024/08/27 12:49:58 [notice] 31#31: exiting
2024/08/27 12:49:58 [notice] 30#30: gracefully shutting down
2024/08/27 12:49:58 [notice] 32#32: gracefully shutting down
2024/08/27 12:49:58 [notice] 34#34: gracefully shutting down
2024/08/27 12:49:58 [notice] 35#35: gracefully shutting down
2024/08/27 12:49:58 [notice] 20#20: exiting
2024/08/27 12:49:58 [notice] 33#33: exiting
2024/08/27 12:49:58 [notice] 21#21: exit
2024/08/27 12:49:58 [notice] 23#23: exiting
2024/08/27 12:49:58 [notice] 27#27: exiting
2024/08/27 12:49:58 [notice] 25#25: exiting
2024/08/27 12:49:58 [notice] 28#28: exit
2024/08/27 12:49:58 [notice] 29#29: exiting
2024/08/27 12:49:58 [notice] 24#24: exiting
2024/08/27 12:49:58 [notice] 26#26: exit
2024/08/27 12:49:58 [notice] 22#22: exiting
2024/08/27 12:49:58 [notice] 31#31: exit
2024/08/27 12:49:58 [notice] 30#30: exiting
2024/08/27 12:49:58 [notice] 32#32: exiting
2024/08/27 12:49:58 [notice] 34#34: exiting
2024/08/27 12:49:58 [notice] 35#35: exiting
2024/08/27 12:49:58 [notice] 20#20: exit
2024/08/27 12:49:58 [notice] 33#33: exit
2024/08/27 12:49:58 [notice] 23#23: exit
2024/08/27 12:49:58 [notice] 27#27: exit
2024/08/27 12:49:58 [notice] 25#25: exit
2024/08/27 12:49:58 [notice] 29#29: exit
2024/08/27 12:49:58 [notice] 24#24: exit
2024/08/27 12:49:58 [notice] 22#22: exit
2024/08/27 12:49:58 [notice] 30#30: exit
2024/08/27 12:49:58 [notice] 32#32: exit
2024/08/27 12:49:58 [notice] 34#34: exit
2024/08/27 12:49:58 [notice] 35#35: exit
2024/08/27 12:49:58 [notice] 1#1: signal 17 (SIGCHLD) received from 32
2024/08/27 12:49:58 [notice] 1#1: worker process 20 exited with code 0
2024/08/27 12:49:58 [notice] 1#1: worker process 21 exited with code 0
2024/08/27 12:49:58 [notice] 1#1: worker process 22 exited with code 0
2024/08/27 12:49:58 [notice] 1#1: worker process 24 exited with code 0
2024/08/27 12:49:58 [notice] 1#1: worker process 25 exited with code 0
2024/08/27 12:49:58 [notice] 1#1: worker process 26 exited with code 0
2024/08/27 12:49:58 [notice] 1#1: worker process 28 exited with code 0
2024/08/27 12:49:58 [notice] 1#1: worker process 29 exited with code 0
2024/08/27 12:49:58 [notice] 1#1: worker process 31 exited with code 0
2024/08/27 12:49:58 [notice] 1#1: worker process 32 exited with code 0
2024/08/27 12:49:58 [notice] 1#1: worker process 33 exited with code 0
2024/08/27 12:49:58 [notice] 1#1: worker process 34 exited with code 0
2024/08/27 12:49:58 [notice] 1#1: worker process 35 exited with code 0
2024/08/27 12:49:58 [notice] 1#1: signal 29 (SIGIO) received
2024/08/27 12:49:58 [notice] 1#1: signal 17 (SIGCHLD) received from 33
2024/08/27 12:49:58 [notice] 1#1: signal 17 (SIGCHLD) received from 23
2024/08/27 12:49:58 [notice] 1#1: worker process 23 exited with code 0
2024/08/27 12:49:58 [notice] 1#1: worker process 27 exited with code 0
2024/08/27 12:49:58 [notice] 1#1: signal 29 (SIGIO) received
2024/08/27 12:49:58 [notice] 1#1: signal 17 (SIGCHLD) received from 27
2024/08/27 12:49:58 [notice] 1#1: signal 17 (SIGCHLD) received from 30
2024/08/27 12:49:58 [notice] 1#1: worker process 30 exited with code 0
2024/08/27 12:49:58 [notice] 1#1: exit
2024/08/27 12:50:30 [notice] 1#1: using the "epoll" event method
2024/08/27 12:50:30 [notice] 1#1: nginx/1.27.0
2024/08/27 12:50:30 [notice] 1#1: built by gcc 13.2.1 20231014 (Alpine 13.2.1_git20231014) 
2024/08/27 12:50:30 [notice] 1#1: OS: Linux 5.15.146.1-microsoft-standard-WSL2
2024/08/27 12:50:30 [notice] 1#1: getrlimit(RLIMIT_NOFILE): 1048576:1048576
2024/08/27 12:50:30 [notice] 1#1: start worker processes
2024/08/27 12:50:30 [notice] 1#1: start worker process 20
2024/08/27 12:50:30 [notice] 1#1: start worker process 21
2024/08/27 12:50:30 [notice] 1#1: start worker process 22
2024/08/27 12:50:30 [notice] 1#1: start worker process 23
2024/08/27 12:50:30 [notice] 1#1: start worker process 24
2024/08/27 12:50:30 [notice] 1#1: start worker process 25
2024/08/27 12:50:30 [notice] 1#1: start worker process 26
2024/08/27 12:50:30 [notice] 1#1: start worker process 27
2024/08/27 12:50:30 [notice] 1#1: start worker process 28
2024/08/27 12:50:30 [notice] 1#1: start worker process 29
2024/08/27 12:50:30 [notice] 1#1: start worker process 30
2024/08/27 12:50:30 [notice] 1#1: start worker process 31
2024/08/27 12:50:30 [notice] 1#1: start worker process 32
2024/08/27 12:50:30 [notice] 1#1: start worker process 33
2024/08/27 12:50:30 [notice] 1#1: start worker process 34
2024/08/27 12:50:30 [notice] 1#1: start worker process 35
2024/08/28 01:17:28 [notice] 1#1: using the "epoll" event method
2024/08/28 01:17:28 [notice] 1#1: nginx/1.27.0
2024/08/28 01:17:28 [notice] 1#1: built by gcc 13.2.1 20231014 (Alpine 13.2.1_git20231014) 
2024/08/28 01:17:28 [notice] 1#1: OS: Linux 5.15.146.1-microsoft-standard-WSL2
2024/08/28 01:17:28 [notice] 1#1: getrlimit(RLIMIT_NOFILE): 1048576:1048576
2024/08/28 01:17:28 [notice] 1#1: start worker processes
2024/08/28 01:17:28 [notice] 1#1: start worker process 20
2024/08/28 01:17:28 [notice] 1#1: start worker process 21
2024/08/28 01:17:28 [notice] 1#1: start worker process 22
2024/08/28 01:17:28 [notice] 1#1: start worker process 23
2024/08/28 01:17:28 [notice] 1#1: start worker process 24
2024/08/28 01:17:28 [notice] 1#1: start worker process 25
2024/08/28 01:17:28 [notice] 1#1: start worker process 26
2024/08/28 01:17:28 [notice] 1#1: start worker process 27
2024/08/28 01:17:28 [notice] 1#1: start worker process 28
2024/08/28 01:17:28 [notice] 1#1: start worker process 29
2024/08/28 01:17:28 [notice] 1#1: start worker process 30
2024/08/28 01:17:28 [notice] 1#1: start worker process 31
2024/08/28 01:17:28 [notice] 1#1: start worker process 32
2024/08/28 01:17:28 [notice] 1#1: start worker process 33
2024/08/28 01:17:28 [notice] 1#1: start worker process 34
2024/08/28 01:17:28 [notice] 1#1: start worker process 35
2024/08/28 11:34:42 [notice] 1#1: signal 3 (SIGQUIT) received, shutting down
2024/08/28 11:34:42 [notice] 22#22: gracefully shutting down
2024/08/28 11:34:42 [notice] 26#26: gracefully shutting down
2024/08/28 11:34:42 [notice] 24#24: gracefully shutting down
2024/08/28 11:34:42 [notice] 20#20: gracefully shutting down
2024/08/28 11:34:42 [notice] 21#21: gracefully shutting down
2024/08/28 11:34:42 [notice] 27#27: gracefully shutting down
2024/08/28 11:34:42 [notice] 23#23: gracefully shutting down
2024/08/28 11:34:42 [notice] 33#33: gracefully shutting down
2024/08/28 11:34:42 [notice] 28#28: gracefully shutting down
2024/08/28 11:34:42 [notice] 32#32: gracefully shutting down
2024/08/28 11:34:42 [notice] 29#29: gracefully shutting down
2024/08/28 11:34:42 [notice] 31#31: gracefully shutting down
2024/08/28 11:34:42 [notice] 30#30: gracefully shutting down
2024/08/28 11:34:42 [notice] 25#25: gracefully shutting down
2024/08/28 11:34:42 [notice] 34#34: gracefully shutting down
2024/08/28 11:34:42 [notice] 35#35: gracefully shutting down
2024/08/28 11:34:42 [notice] 32#32: exiting
2024/08/28 11:34:42 [notice] 22#22: exiting
2024/08/28 11:34:42 [notice] 27#27: exiting
2024/08/28 11:34:42 [notice] 24#24: exiting
2024/08/28 11:34:42 [notice] 23#23: exiting
2024/08/28 11:34:42 [notice] 26#26: exiting
2024/08/28 11:34:42 [notice] 28#28: exiting
2024/08/28 11:34:42 [notice] 33#33: exiting
2024/08/28 11:34:42 [notice] 20#20: exiting
2024/08/28 11:34:42 [notice] 35#35: exiting
2024/08/28 11:34:42 [notice] 27#27: exit
2024/08/28 11:34:42 [notice] 21#21: exiting
2024/08/28 11:34:42 [notice] 34#34: exiting
2024/08/28 11:34:42 [notice] 30#30: exiting
2024/08/28 11:34:42 [notice] 31#31: exiting
2024/08/28 11:34:42 [notice] 22#22: exit
2024/08/28 11:34:42 [notice] 31#31: exit
2024/08/28 11:34:42 [notice] 25#25: exiting
2024/08/28 11:34:42 [notice] 32#32: exit
2024/08/28 11:34:42 [notice] 26#26: exit
2024/08/28 11:34:42 [notice] 33#33: exit
2024/08/28 11:34:42 [notice] 28#28: exit
2024/08/28 11:34:42 [notice] 24#24: exit
2024/08/28 11:34:42 [notice] 23#23: exit
2024/08/28 11:34:42 [notice] 35#35: exit
2024/08/28 11:34:42 [notice] 20#20: exit
2024/08/28 11:34:42 [notice] 29#29: exiting
2024/08/28 11:34:42 [notice] 21#21: exit
2024/08/28 11:34:42 [notice] 34#34: exit
2024/08/28 11:34:42 [notice] 29#29: exit
2024/08/28 11:34:42 [notice] 30#30: exit
2024/08/28 11:34:42 [notice] 25#25: exit
2024/08/28 11:34:42 [notice] 1#1: signal 17 (SIGCHLD) received from 35
2024/08/28 11:34:42 [notice] 1#1: worker process 35 exited with code 0
2024/08/28 11:34:42 [notice] 1#1: signal 29 (SIGIO) received
2024/08/28 11:34:42 [notice] 1#1: signal 17 (SIGCHLD) received from 29
2024/08/28 11:34:42 [notice] 1#1: worker process 20 exited with code 0
2024/08/28 11:34:42 [notice] 1#1: worker process 25 exited with code 0
2024/08/28 11:34:42 [notice] 1#1: worker process 26 exited with code 0
2024/08/28 11:34:42 [notice] 1#1: worker process 29 exited with code 0
2024/08/28 11:34:42 [notice] 1#1: signal 29 (SIGIO) received
2024/08/28 11:34:42 [notice] 1#1: signal 17 (SIGCHLD) received from 20
2024/08/28 11:34:42 [notice] 1#1: worker process 34 exited with code 0
2024/08/28 11:34:42 [notice] 1#1: worker process 32 exited with code 0
2024/08/28 11:34:42 [notice] 1#1: signal 29 (SIGIO) received
2024/08/28 11:34:42 [notice] 1#1: signal 17 (SIGCHLD) received from 34
2024/08/28 11:34:42 [notice] 1#1: signal 17 (SIGCHLD) received from 33
2024/08/28 11:34:42 [notice] 1#1: worker process 23 exited with code 0
2024/08/28 11:34:42 [notice] 1#1: worker process 21 exited with code 0
2024/08/28 11:34:42 [notice] 1#1: worker process 22 exited with code 0
2024/08/28 11:34:42 [notice] 1#1: worker process 24 exited with code 0
2024/08/28 11:34:42 [notice] 1#1: worker process 27 exited with code 0
2024/08/28 11:34:42 [notice] 1#1: worker process 28 exited with code 0
2024/08/28 11:34:42 [notice] 1#1: worker process 30 exited with code 0
2024/08/28 11:34:42 [notice] 1#1: worker process 31 exited with code 0
2024/08/28 11:34:42 [notice] 1#1: worker process 33 exited with code 0
2024/08/28 11:34:42 [notice] 1#1: exit
2024/08/28 23:39:20 [notice] 1#1: using the "epoll" event method
2024/08/28 23:39:20 [notice] 1#1: nginx/1.27.0
2024/08/28 23:39:20 [notice] 1#1: built by gcc 13.2.1 20231014 (Alpine 13.2.1_git20231014) 
2024/08/28 23:39:20 [notice] 1#1: OS: Linux 5.15.146.1-microsoft-standard-WSL2
2024/08/28 23:39:20 [notice] 1#1: getrlimit(RLIMIT_NOFILE): 1048576:1048576
2024/08/28 23:39:20 [notice] 1#1: start worker processes
2024/08/28 23:39:20 [notice] 1#1: start worker process 20
2024/08/28 23:39:20 [notice] 1#1: start worker process 21
2024/08/28 23:39:20 [notice] 1#1: start worker process 22
2024/08/28 23:39:20 [notice] 1#1: start worker process 23
2024/08/28 23:39:20 [notice] 1#1: start worker process 24
2024/08/28 23:39:20 [notice] 1#1: start worker process 25
2024/08/28 23:39:20 [notice] 1#1: start worker process 26
2024/08/28 23:39:20 [notice] 1#1: start worker process 27
2024/08/28 23:39:20 [notice] 1#1: start worker process 28
2024/08/28 23:39:20 [notice] 1#1: start worker process 29
2024/08/28 23:39:20 [notice] 1#1: start worker process 30
2024/08/28 23:39:20 [notice] 1#1: start worker process 31
2024/08/28 23:39:20 [notice] 1#1: start worker process 32
2024/08/28 23:39:20 [notice] 1#1: start worker process 33
2024/08/28 23:39:20 [notice] 1#1: start worker process 34
2024/08/28 23:39:20 [notice] 1#1: start worker process 35
2024/08/29 01:02:17 [notice] 1#1: signal 3 (SIGQUIT) received, shutting down
2024/08/29 01:02:17 [notice] 20#20: gracefully shutting down
2024/08/29 01:02:17 [notice] 26#26: gracefully shutting down
2024/08/29 01:02:17 [notice] 21#21: gracefully shutting down
2024/08/29 01:02:17 [notice] 24#24: gracefully shutting down
2024/08/29 01:02:17 [notice] 30#30: gracefully shutting down
2024/08/29 01:02:17 [notice] 31#31: gracefully shutting down
2024/08/29 01:02:17 [notice] 25#25: gracefully shutting down
2024/08/29 01:02:17 [notice] 32#32: gracefully shutting down
2024/08/29 01:02:17 [notice] 27#27: gracefully shutting down
2024/08/29 01:02:17 [notice] 28#28: gracefully shutting down
2024/08/29 01:02:17 [notice] 22#22: gracefully shutting down
2024/08/29 01:02:17 [notice] 29#29: gracefully shutting down
2024/08/29 01:02:17 [notice] 34#34: gracefully shutting down
2024/08/29 01:02:17 [notice] 33#33: gracefully shutting down
2024/08/29 01:02:17 [notice] 23#23: gracefully shutting down
2024/08/29 01:02:17 [notice] 35#35: gracefully shutting down
2024/08/29 01:02:17 [notice] 20#20: exiting
2024/08/29 01:02:17 [notice] 26#26: exiting
2024/08/29 01:02:17 [notice] 21#21: exiting
2024/08/29 01:02:17 [notice] 24#24: exiting
2024/08/29 01:02:17 [notice] 30#30: exiting
2024/08/29 01:02:17 [notice] 31#31: exiting
2024/08/29 01:02:17 [notice] 29#29: exiting
2024/08/29 01:02:17 [notice] 22#22: exiting
2024/08/29 01:02:17 [notice] 29#29: exit
2024/08/29 01:02:17 [notice] 32#32: exiting
2024/08/29 01:02:17 [notice] 27#27: exiting
2024/08/29 01:02:17 [notice] 28#28: exiting
2024/08/29 01:02:17 [notice] 33#33: exiting
2024/08/29 01:02:17 [notice] 25#25: exiting
2024/08/29 01:02:17 [notice] 33#33: exit
2024/08/29 01:02:17 [notice] 23#23: exiting
2024/08/29 01:02:17 [notice] 35#35: exiting
2024/08/29 01:02:17 [notice] 34#34: exiting
2024/08/29 01:02:17 [notice] 21#21: exit
2024/08/29 01:02:17 [notice] 26#26: exit
2024/08/29 01:02:17 [notice] 20#20: exit
2024/08/29 01:02:17 [notice] 30#30: exit
2024/08/29 01:02:17 [notice] 24#24: exit
2024/08/29 01:02:17 [notice] 31#31: exit
2024/08/29 01:02:17 [notice] 22#22: exit
2024/08/29 01:02:17 [notice] 32#32: exit
2024/08/29 01:02:17 [notice] 27#27: exit
2024/08/29 01:02:17 [notice] 28#28: exit
2024/08/29 01:02:17 [notice] 25#25: exit
2024/08/29 01:02:17 [notice] 35#35: exit
2024/08/29 01:02:17 [notice] 34#34: exit
2024/08/29 01:02:17 [notice] 23#23: exit
2024/08/29 01:02:17 [notice] 1#1: signal 17 (SIGCHLD) received from 33
2024/08/29 01:02:17 [notice] 1#1: worker process 23 exited with code 0
2024/08/29 01:02:17 [notice] 1#1: worker process 24 exited with code 0
2024/08/29 01:02:17 [notice] 1#1: worker process 30 exited with code 0
2024/08/29 01:02:17 [notice] 1#1: worker process 33 exited with code 0
2024/08/29 01:02:17 [notice] 1#1: worker process 34 exited with code 0
2024/08/29 01:02:17 [notice] 1#1: signal 29 (SIGIO) received
2024/08/29 01:02:17 [notice] 1#1: signal 17 (SIGCHLD) received from 34
2024/08/29 01:02:17 [notice] 1#1: signal 17 (SIGCHLD) received from 31
2024/08/29 01:02:17 [notice] 1#1: worker process 22 exited with code 0
2024/08/29 01:02:17 [notice] 1#1: worker process 31 exited with code 0
2024/08/29 01:02:17 [notice] 1#1: signal 29 (SIGIO) received
2024/08/29 01:02:17 [notice] 1#1: signal 17 (SIGCHLD) received from 29
2024/08/29 01:02:17 [notice] 1#1: worker process 20 exited with code 0
2024/08/29 01:02:17 [notice] 1#1: worker process 21 exited with code 0
2024/08/29 01:02:17 [notice] 1#1: worker process 25 exited with code 0
2024/08/29 01:02:17 [notice] 1#1: worker process 26 exited with code 0
2024/08/29 01:02:17 [notice] 1#1: worker process 27 exited with code 0
2024/08/29 01:02:17 [notice] 1#1: worker process 29 exited with code 0
2024/08/29 01:02:17 [notice] 1#1: worker process 32 exited with code 0
2024/08/29 01:02:17 [notice] 1#1: worker process 35 exited with code 0
2024/08/29 01:02:17 [notice] 1#1: signal 29 (SIGIO) received
2024/08/29 01:02:17 [notice] 1#1: signal 17 (SIGCHLD) received from 21
2024/08/29 01:02:17 [notice] 1#1: signal 17 (SIGCHLD) received from 28
2024/08/29 01:02:17 [notice] 1#1: worker process 28 exited with code 0
2024/08/29 01:02:17 [notice] 1#1: exit
2024/08/29 23:32:45 [notice] 1#1: using the "epoll" event method
2024/08/29 23:32:45 [notice] 1#1: nginx/1.27.0
2024/08/29 23:32:45 [notice] 1#1: built by gcc 13.2.1 20231014 (Alpine 13.2.1_git20231014) 
2024/08/29 23:32:45 [notice] 1#1: OS: Linux 5.15.146.1-microsoft-standard-WSL2
2024/08/29 23:32:45 [notice] 1#1: getrlimit(RLIMIT_NOFILE): 1048576:1048576
2024/08/29 23:32:45 [notice] 1#1: start worker processes
2024/08/29 23:32:45 [notice] 1#1: start worker process 20
2024/08/29 23:32:45 [notice] 1#1: start worker process 21
2024/08/29 23:32:45 [notice] 1#1: start worker process 22
2024/08/29 23:32:45 [notice] 1#1: start worker process 23
2024/08/29 23:32:45 [notice] 1#1: start worker process 24
2024/08/29 23:32:45 [notice] 1#1: start worker process 25
2024/08/29 23:32:45 [notice] 1#1: start worker process 26
2024/08/29 23:32:45 [notice] 1#1: start worker process 27
2024/08/29 23:32:45 [notice] 1#1: start worker process 28
2024/08/29 23:32:45 [notice] 1#1: start worker process 29
2024/08/29 23:32:45 [notice] 1#1: start worker process 30
2024/08/29 23:32:45 [notice] 1#1: start worker process 31
2024/08/29 23:32:45 [notice] 1#1: start worker process 32
2024/08/29 23:32:45 [notice] 1#1: start worker process 33
2024/08/29 23:32:45 [notice] 1#1: start worker process 34
2024/08/29 23:32:45 [notice] 1#1: start worker process 35
2024/08/30 00:21:39 [error] 29#29: *27 FastCGI sent in stderr: "PHP message: PHP Fatal error:  Cannot declare class PublishController, because the name is already in use in /application/app/Http/Controllers/News/PublishController.php on line 8" while reading response header from upstream, client: 172.23.0.1, server: , request: "POST /api/messageapply2 HTTP/1.1", upstream: "fastcgi://172.23.0.2:9000", host: "localhost", referrer: "http://localhost:3000/"
2024/08/30 00:22:47 [error] 30#30: *30 FastCGI sent in stderr: "PHP message: PHP Fatal error:  Cannot declare class PublishController, because the name is already in use in /application/app/Http/Controllers/News/PublishController.php on line 8" while reading response header from upstream, client: 172.23.0.1, server: , request: "POST /api/messageapply2 HTTP/1.1", upstream: "fastcgi://172.23.0.2:9000", host: "localhost", referrer: "http://localhost:3000/"
2024/08/30 00:24:25 [error] 32#32: *33 FastCGI sent in stderr: "PHP message: PHP Fatal error:  Cannot declare class PublishController, because the name is already in use in /application/app/Http/Controllers/News/PublishController.php on line 8" while reading response header from upstream, client: 172.23.0.1, server: , request: "POST /api/messageapply2 HTTP/1.1", upstream: "fastcgi://172.23.0.2:9000", host: "localhost:80"
2024/08/30 00:25:43 [error] 32#32: *33 FastCGI sent in stderr: "PHP message: PHP Fatal error:  Cannot declare class NewPublishController, because the name is already in use in /application/app/Http/Controllers/News/NewPublishController.php on line 8" while reading response header from upstream, client: 172.23.0.1, server: , request: "POST /api/messageapply2 HTTP/1.1", upstream: "fastcgi://172.23.0.2:9000", host: "localhost:80"
2024/08/30 00:27:56 [error] 34#34: *38 FastCGI sent in stderr: "PHP message: PHP Fatal error:  Cannot declare class NewPublishController, because the name is already in use in /application/app/Http/Controllers/News/NewPublishController.php on line 8" while reading response header from upstream, client: 172.23.0.1, server: , request: "POST /api/messageapply2 HTTP/1.1", upstream: "fastcgi://172.23.0.2:9000", host: "localhost:80"
2024/08/30 00:30:46 [error] 20#20: *41 FastCGI sent in stderr: "PHP message: PHP Fatal error:  Cannot declare class NewPublishController, because the name is already in use in /application/app/Http/Controllers/News/NewPublishController.php on line 8" while reading response header from upstream, client: 172.23.0.1, server: , request: "POST /api/messageapply2 HTTP/1.1", upstream: "fastcgi://172.23.0.2:9000", host: "localhost:80"
2024/08/30 00:31:43 [error] 20#20: *41 FastCGI sent in stderr: "PHP message: PHP Fatal error:  Cannot declare class NewPublishController, because the name is already in use in /application/app/Http/Controllers/News/NewPublishController.php on line 8" while reading response header from upstream, client: 172.23.0.1, server: , request: "POST /api/messageapply2 HTTP/1.1", upstream: "fastcgi://172.23.0.2:9000", host: "localhost:80"
2024/08/30 00:31:57 [error] 20#20: *41 FastCGI sent in stderr: "PHP message: PHP Fatal error:  Cannot declare class NewPublishController, because the name is already in use in /application/app/Http/Controllers/News/NewPublishController.php on line 8" while reading response header from upstream, client: 172.23.0.1, server: , request: "POST /api/messageapply2 HTTP/1.1", upstream: "fastcgi://172.23.0.2:9000", host: "localhost:80"
2024/08/30 00:32:40 [error] 20#20: *41 FastCGI sent in stderr: "PHP message: PHP Fatal error:  Cannot declare class NewPublishController, because the name is already in use in /application/app/Http/Controllers/News/NewPublishController.php on line 8" while reading response header from upstream, client: 172.23.0.1, server: , request: "POST /api/messageapply2 HTTP/1.1", upstream: "fastcgi://172.23.0.2:9000", host: "localhost:80"
2024/08/30 00:43:38 [error] 20#20: *53 upstream timed out (110: Operation timed out) while reading response header from upstream, client: 172.23.0.1, server: , request: "POST /api/messageapply2 HTTP/1.1", upstream: "fastcgi://172.23.0.2:9000", host: "localhost:80"
2024/08/30 00:45:11 [error] 20#20: *53 upstream timed out (110: Operation timed out) while reading response header from upstream, client: 172.23.0.1, server: , request: "POST /api/messageapply2 HTTP/1.1", upstream: "fastcgi://172.23.0.2:9000", host: "localhost:80"
2024/08/30 00:48:15 [notice] 1#1: signal 3 (SIGQUIT) received, shutting down
2024/08/30 00:48:15 [notice] 20#20: gracefully shutting down
2024/08/30 00:48:15 [notice] 28#28: gracefully shutting down
2024/08/30 00:48:15 [notice] 29#29: gracefully shutting down
2024/08/30 00:48:15 [notice] 30#30: gracefully shutting down
2024/08/30 00:48:15 [notice] 33#33: gracefully shutting down
2024/08/30 00:48:15 [notice] 31#31: gracefully shutting down
2024/08/30 00:48:15 [notice] 34#34: gracefully shutting down
2024/08/30 00:48:15 [notice] 24#24: gracefully shutting down
2024/08/30 00:48:15 [notice] 31#31: exiting
2024/08/30 00:48:15 [notice] 22#22: gracefully shutting down
2024/08/30 00:48:15 [notice] 35#35: gracefully shutting down
2024/08/30 00:48:15 [notice] 26#26: gracefully shutting down
2024/08/30 00:48:15 [notice] 32#32: gracefully shutting down
2024/08/30 00:48:15 [notice] 27#27: gracefully shutting down
2024/08/30 00:48:15 [notice] 25#25: gracefully shutting down
2024/08/30 00:48:15 [notice] 23#23: gracefully shutting down
2024/08/30 00:48:15 [notice] 21#21: gracefully shutting down
2024/08/30 00:48:15 [notice] 20#20: exiting
2024/08/30 00:48:15 [notice] 23#23: exiting
2024/08/30 00:48:15 [notice] 28#28: exiting
2024/08/30 00:48:15 [notice] 29#29: exiting
2024/08/30 00:48:15 [notice] 30#30: exiting
2024/08/30 00:48:15 [notice] 33#33: exiting
2024/08/30 00:48:15 [notice] 34#34: exiting
2024/08/30 00:48:15 [notice] 24#24: exiting
2024/08/30 00:48:15 [notice] 31#31: exit
2024/08/30 00:48:15 [notice] 22#22: exiting
2024/08/30 00:48:15 [notice] 35#35: exiting
2024/08/30 00:48:15 [notice] 26#26: exiting
2024/08/30 00:48:15 [notice] 32#32: exiting
2024/08/30 00:48:15 [notice] 20#20: exit
2024/08/30 00:48:15 [notice] 32#32: exit
2024/08/30 00:48:15 [notice] 25#25: exiting
2024/08/30 00:48:15 [notice] 27#27: exiting
2024/08/30 00:48:15 [notice] 28#28: exit
2024/08/30 00:48:15 [notice] 29#29: exit
2024/08/30 00:48:15 [notice] 30#30: exit
2024/08/30 00:48:15 [notice] 23#23: exit
2024/08/30 00:48:15 [notice] 21#21: exiting
2024/08/30 00:48:15 [notice] 33#33: exit
2024/08/30 00:48:15 [notice] 34#34: exit
2024/08/30 00:48:15 [notice] 24#24: exit
2024/08/30 00:48:15 [notice] 35#35: exit
2024/08/30 00:48:15 [notice] 22#22: exit
2024/08/30 00:48:15 [notice] 26#26: exit
2024/08/30 00:48:15 [notice] 25#25: exit
2024/08/30 00:48:15 [notice] 27#27: exit
2024/08/30 00:48:15 [notice] 21#21: exit
2024/08/30 00:48:15 [notice] 1#1: signal 17 (SIGCHLD) received from 24
2024/08/30 00:48:15 [notice] 1#1: worker process 20 exited with code 0
2024/08/30 00:48:15 [notice] 1#1: worker process 24 exited with code 0
2024/08/30 00:48:15 [notice] 1#1: signal 29 (SIGIO) received
2024/08/30 00:48:15 [notice] 1#1: signal 17 (SIGCHLD) received from 27
2024/08/30 00:48:15 [notice] 1#1: worker process 21 exited with code 0
2024/08/30 00:48:15 [notice] 1#1: worker process 23 exited with code 0
2024/08/30 00:48:15 [notice] 1#1: worker process 25 exited with code 0
2024/08/30 00:48:15 [notice] 1#1: worker process 26 exited with code 0
2024/08/30 00:48:15 [notice] 1#1: worker process 27 exited with code 0
2024/08/30 00:48:15 [notice] 1#1: worker process 28 exited with code 0
2024/08/30 00:48:15 [notice] 1#1: worker process 30 exited with code 0
2024/08/30 00:48:15 [notice] 1#1: worker process 32 exited with code 0
2024/08/30 00:48:15 [notice] 1#1: worker process 33 exited with code 0
2024/08/30 00:48:15 [notice] 1#1: worker process 34 exited with code 0
2024/08/30 00:48:15 [notice] 1#1: worker process 35 exited with code 0
2024/08/30 00:48:15 [notice] 1#1: signal 29 (SIGIO) received
2024/08/30 00:48:15 [notice] 1#1: signal 17 (SIGCHLD) received from 28
2024/08/30 00:48:15 [notice] 1#1: signal 17 (SIGCHLD) received from 31
2024/08/30 00:48:15 [notice] 1#1: worker process 29 exited with code 0
2024/08/30 00:48:15 [notice] 1#1: worker process 31 exited with code 0
2024/08/30 00:48:15 [notice] 1#1: signal 29 (SIGIO) received
2024/08/30 00:48:16 [notice] 1#1: signal 17 (SIGCHLD) received from 22
2024/08/30 00:48:16 [notice] 1#1: worker process 22 exited with code 0
2024/08/30 00:48:16 [notice] 1#1: exit
